2015-09-07 16:43:30 [main] 13::: INFO  org.excel2db.write.WriteMain - error init param,param:beanRoot,packageRoot,language
2015-09-07 16:43:54 [main] 21::: INFO  org.excel2db.write.WriteMain - path:D:\ndbtest\
2015-09-07 16:43:56 [main] 23::: INFO  org.excel2db.write.WriteMain - fileList:[test.xls]
2015-09-07 16:43:56 [main] 26::: INFO  org.excel2db.write.WriteMain - process:test.xls
2015-09-07 16:43:57 [main] 38::: INFO  org.excel2db.write.ExcelManager - start read excel....
2015-09-07 16:43:58 [main] 59::: INFO  org.excel2db.write.ExcelManager - end read excel....
2015-09-07 16:43:58 [main] 40::: INFO  org.excel2db.write.DBManager - start write db file....
2015-09-07 16:43:59 [main] 72::: INFO  org.excel2db.write.DBManager - end write db file....
2015-09-07 16:44:00 [main] 30::: INFO  org.excel2db.write.GeneratorManager - start generator bean file....
2015-09-07 16:44:00 [main] 44::: ERROR org.excel2db.write.GeneratorManager - generator bean error
java.lang.RuntimeException: error language:java support:java,csharp
	at org.excel2db.write.genClass.EndfixEnum.endfix(EndfixEnum.java:21)
	at org.excel2db.write.genClass.generator.JavaGenerator.generator(JavaGenerator.java:22)
	at org.excel2db.write.GeneratorManager.generator(GeneratorManager.java:40)
	at org.excel2db.write.WriteMain.main(WriteMain.java:34)
2015-09-07 16:45:08 [main] 21::: INFO  org.excel2db.write.WriteMain - path:D:\ndbtest\
2015-09-07 16:45:08 [main] 23::: INFO  org.excel2db.write.WriteMain - fileList:[test.xls]
2015-09-07 16:45:08 [main] 26::: INFO  org.excel2db.write.WriteMain - process:test.xls
2015-09-07 16:45:08 [main] 38::: INFO  org.excel2db.write.ExcelManager - start read excel....
2015-09-07 16:45:08 [main] 59::: INFO  org.excel2db.write.ExcelManager - end read excel....
2015-09-07 16:45:08 [main] 40::: INFO  org.excel2db.write.DBManager - start write db file....
2015-09-07 16:45:08 [main] 72::: INFO  org.excel2db.write.DBManager - end write db file....
2015-09-07 16:45:08 [main] 30::: INFO  org.excel2db.write.GeneratorManager - start generator bean file....
2015-09-07 16:45:08 [main] 44::: ERROR org.excel2db.write.GeneratorManager - generator bean error
java.lang.RuntimeException: error language:java support:java,csharp
	at org.excel2db.write.genClass.EndfixEnum.endfix(EndfixEnum.java:22)
	at org.excel2db.write.genClass.generator.JavaGenerator.generator(JavaGenerator.java:22)
	at org.excel2db.write.GeneratorManager.generator(GeneratorManager.java:40)
	at org.excel2db.write.WriteMain.main(WriteMain.java:34)
2015-09-07 16:45:44 [main] 21::: INFO  org.excel2db.write.WriteMain - path:D:\ndbtest\
2015-09-07 16:45:44 [main] 23::: INFO  org.excel2db.write.WriteMain - fileList:[test.xls]
2015-09-07 16:45:44 [main] 26::: INFO  org.excel2db.write.WriteMain - process:test.xls
2015-09-07 16:45:44 [main] 38::: INFO  org.excel2db.write.ExcelManager - start read excel....
2015-09-07 16:45:44 [main] 59::: INFO  org.excel2db.write.ExcelManager - end read excel....
2015-09-07 16:45:44 [main] 40::: INFO  org.excel2db.write.DBManager - start write db file....
2015-09-07 16:45:44 [main] 72::: INFO  org.excel2db.write.DBManager - end write db file....
2015-09-07 16:45:44 [main] 30::: INFO  org.excel2db.write.GeneratorManager - start generator bean file....
2015-09-07 16:46:45 [main] 21::: INFO  org.excel2db.write.WriteMain - path:D:\ndbtest\
2015-09-07 16:46:45 [main] 23::: INFO  org.excel2db.write.WriteMain - fileList:[test.xls]
2015-09-07 16:46:45 [main] 26::: INFO  org.excel2db.write.WriteMain - process:test.xls
2015-09-07 16:46:45 [main] 38::: INFO  org.excel2db.write.ExcelManager - start read excel....
2015-09-07 16:46:45 [main] 59::: INFO  org.excel2db.write.ExcelManager - end read excel....
2015-09-07 16:46:45 [main] 40::: INFO  org.excel2db.write.DBManager - start write db file....
2015-09-07 16:46:45 [main] 72::: INFO  org.excel2db.write.DBManager - end write db file....
2015-09-07 16:46:45 [main] 30::: INFO  org.excel2db.write.GeneratorManager - start generator bean file....
2015-09-07 16:46:45 [main] 42::: INFO  org.excel2db.write.GeneratorManager - end generator bean file....
2015-09-07 16:48:12 [main] 21::: INFO  org.excel2db.write.WriteMain - path:D:\ndbtest\
2015-09-07 16:48:12 [main] 23::: INFO  org.excel2db.write.WriteMain - fileList:[test.xls]
2015-09-07 16:48:12 [main] 26::: INFO  org.excel2db.write.WriteMain - process:test.xls
2015-09-07 16:48:12 [main] 38::: INFO  org.excel2db.write.ExcelManager - start read excel....
2015-09-07 16:48:12 [main] 59::: INFO  org.excel2db.write.ExcelManager - end read excel....
2015-09-07 16:48:12 [main] 40::: INFO  org.excel2db.write.DBManager - start write db file....
2015-09-07 16:48:12 [main] 72::: INFO  org.excel2db.write.DBManager - end write db file....
2015-09-07 16:48:12 [main] 30::: INFO  org.excel2db.write.GeneratorManager - start generator bean file....
2015-09-07 16:48:12 [main] 42::: INFO  org.excel2db.write.GeneratorManager - end generator bean file....
2015-09-07 16:50:34 [main] 21::: INFO  org.excel2db.write.WriteMain - path:D:\ndbtest\
2015-09-07 16:50:34 [main] 23::: INFO  org.excel2db.write.WriteMain - fileList:[test.xls]
2015-09-07 16:50:34 [main] 26::: INFO  org.excel2db.write.WriteMain - process:test.xls
2015-09-07 16:50:34 [main] 38::: INFO  org.excel2db.write.ExcelManager - start read excel....
2015-09-07 16:50:34 [main] 59::: INFO  org.excel2db.write.ExcelManager - end read excel....
2015-09-07 16:50:34 [main] 40::: INFO  org.excel2db.write.DBManager - start write db file....
2015-09-07 16:50:34 [main] 72::: INFO  org.excel2db.write.DBManager - end write db file....
2015-09-07 16:50:34 [main] 30::: INFO  org.excel2db.write.GeneratorManager - start generator bean file....
2015-09-07 16:50:34 [main] 42::: INFO  org.excel2db.write.GeneratorManager - end generator bean file....
2015-09-07 16:51:08 [main] 21::: INFO  org.excel2db.write.WriteMain - path:D:\ndbtest\
2015-09-07 16:51:08 [main] 23::: INFO  org.excel2db.write.WriteMain - fileList:[test.xls]
2015-09-07 16:51:08 [main] 26::: INFO  org.excel2db.write.WriteMain - process:test.xls
2015-09-07 16:51:08 [main] 38::: INFO  org.excel2db.write.ExcelManager - start read excel....
2015-09-07 16:51:08 [main] 59::: INFO  org.excel2db.write.ExcelManager - end read excel....
2015-09-07 16:51:08 [main] 40::: INFO  org.excel2db.write.DBManager - start write db file....
2015-09-07 16:51:08 [main] 72::: INFO  org.excel2db.write.DBManager - end write db file....
2015-09-07 16:51:08 [main] 30::: INFO  org.excel2db.write.GeneratorManager - start generator bean file....
2015-09-07 16:51:08 [main] 42::: INFO  org.excel2db.write.GeneratorManager - end generator bean file....
2015-09-07 16:51:25 [main] 21::: INFO  org.excel2db.write.WriteMain - path:D:\ndbtest\
2015-09-07 16:51:25 [main] 23::: INFO  org.excel2db.write.WriteMain - fileList:[test.xls]
2015-09-07 16:51:25 [main] 26::: INFO  org.excel2db.write.WriteMain - process:test.xls
2015-09-07 16:51:25 [main] 38::: INFO  org.excel2db.write.ExcelManager - start read excel....
2015-09-07 16:51:25 [main] 59::: INFO  org.excel2db.write.ExcelManager - end read excel....
2015-09-07 16:51:25 [main] 40::: INFO  org.excel2db.write.DBManager - start write db file....
2015-09-07 16:51:25 [main] 72::: INFO  org.excel2db.write.DBManager - end write db file....
2015-09-07 16:51:25 [main] 30::: INFO  org.excel2db.write.GeneratorManager - start generator bean file....
2015-09-07 16:51:25 [main] 42::: INFO  org.excel2db.write.GeneratorManager - end generator bean file....
2015-09-07 16:52:28 [main] 21::: INFO  org.excel2db.write.WriteMain - path:D:\ndbtest\
2015-09-07 16:52:28 [main] 23::: INFO  org.excel2db.write.WriteMain - fileList:[test.xls]
2015-09-07 16:52:28 [main] 26::: INFO  org.excel2db.write.WriteMain - process:test.xls
2015-09-07 16:52:28 [main] 38::: INFO  org.excel2db.write.ExcelManager - start read excel....
2015-09-07 16:52:28 [main] 59::: INFO  org.excel2db.write.ExcelManager - end read excel....
2015-09-07 16:52:28 [main] 40::: INFO  org.excel2db.write.DBManager - start write db file....
2015-09-07 16:52:28 [main] 72::: INFO  org.excel2db.write.DBManager - end write db file....
2015-09-07 16:52:28 [main] 30::: INFO  org.excel2db.write.GeneratorManager - start generator bean file....
2015-09-07 16:52:28 [main] 42::: INFO  org.excel2db.write.GeneratorManager - end generator bean file....
2015-09-07 16:53:32 [main] 21::: INFO  org.excel2db.write.WriteMain - path:D:\ndbtest\
2015-09-07 16:53:32 [main] 23::: INFO  org.excel2db.write.WriteMain - fileList:[test.xls]
2015-09-07 16:53:32 [main] 26::: INFO  org.excel2db.write.WriteMain - process:test.xls
2015-09-07 16:53:32 [main] 38::: INFO  org.excel2db.write.ExcelManager - start read excel....
2015-09-07 16:53:32 [main] 59::: INFO  org.excel2db.write.ExcelManager - end read excel....
2015-09-07 16:53:32 [main] 40::: INFO  org.excel2db.write.DBManager - start write db file....
2015-09-07 16:53:32 [main] 72::: INFO  org.excel2db.write.DBManager - end write db file....
2015-09-07 16:53:32 [main] 30::: INFO  org.excel2db.write.GeneratorManager - start generator bean file....
2015-09-07 16:53:32 [main] 42::: INFO  org.excel2db.write.GeneratorManager - end generator bean file....
2015-09-07 16:54:08 [main] 21::: INFO  org.excel2db.write.WriteMain - path:D:\ndbtest\
2015-09-07 16:54:08 [main] 23::: INFO  org.excel2db.write.WriteMain - fileList:[test.xls]
2015-09-07 16:54:08 [main] 26::: INFO  org.excel2db.write.WriteMain - process:test.xls
2015-09-07 16:54:08 [main] 38::: INFO  org.excel2db.write.ExcelManager - start read excel....
2015-09-07 16:54:08 [main] 59::: INFO  org.excel2db.write.ExcelManager - end read excel....
2015-09-07 16:54:08 [main] 40::: INFO  org.excel2db.write.DBManager - start write db file....
2015-09-07 16:54:08 [main] 72::: INFO  org.excel2db.write.DBManager - end write db file....
2015-09-07 16:54:08 [main] 30::: INFO  org.excel2db.write.GeneratorManager - start generator bean file....
2015-09-07 16:54:08 [main] 42::: INFO  org.excel2db.write.GeneratorManager - end generator bean file....
2015-09-07 16:54:45 [main] 21::: INFO  org.excel2db.write.WriteMain - path:D:\ndbtest\
2015-09-07 16:54:45 [main] 23::: INFO  org.excel2db.write.WriteMain - fileList:[test.xls]
2015-09-07 16:54:45 [main] 26::: INFO  org.excel2db.write.WriteMain - process:test.xls
2015-09-07 16:54:45 [main] 38::: INFO  org.excel2db.write.ExcelManager - start read excel....
2015-09-07 16:54:45 [main] 59::: INFO  org.excel2db.write.ExcelManager - end read excel....
2015-09-07 16:54:45 [main] 40::: INFO  org.excel2db.write.DBManager - start write db file....
2015-09-07 16:54:46 [main] 72::: INFO  org.excel2db.write.DBManager - end write db file....
2015-09-07 16:54:46 [main] 30::: INFO  org.excel2db.write.GeneratorManager - start generator bean file....
2015-09-07 16:54:46 [main] 42::: INFO  org.excel2db.write.GeneratorManager - end generator bean file....
2015-09-07 16:58:38 [main] 21::: INFO  org.excel2db.write.WriteMain - path:D:\ndbtest\
2015-09-07 16:58:38 [main] 23::: INFO  org.excel2db.write.WriteMain - fileList:[test.xls]
2015-09-07 16:58:38 [main] 26::: INFO  org.excel2db.write.WriteMain - process:test.xls
2015-09-07 16:58:38 [main] 38::: INFO  org.excel2db.write.ExcelManager - start read excel....
2015-09-07 16:58:38 [main] 59::: INFO  org.excel2db.write.ExcelManager - end read excel....
2015-09-07 16:58:38 [main] 40::: INFO  org.excel2db.write.DBManager - start write db file....
2015-09-07 16:58:38 [main] 72::: INFO  org.excel2db.write.DBManager - end write db file....
2015-09-07 16:58:38 [main] 30::: INFO  org.excel2db.write.GeneratorManager - start generator bean file....
2015-09-07 16:58:38 [main] 44::: ERROR org.excel2db.write.GeneratorManager - generator bean error
java.lang.RuntimeException: java.io.IOException: 系统找不到指定的路径。
	at org.excel2db.write.genClass.generator.JavaGenerator.generator(JavaGenerator.java:35)
	at org.excel2db.write.GeneratorManager.generator(GeneratorManager.java:40)
	at org.excel2db.write.WriteMain.main(WriteMain.java:34)
Caused by: java.io.IOException: 系统找不到指定的路径。
	at java.io.WinNTFileSystem.createFileExclusively(Native Method)
	at java.io.File.createNewFile(File.java:883)
	at org.excel2db.write.genClass.generator.JavaGenerator.generator(JavaGenerator.java:30)
	... 2 more
2015-09-07 17:22:02 [main] 21::: INFO  org.excel2db.write.WriteMain - path:D:\ndbtest\
2015-09-07 17:22:02 [main] 23::: INFO  org.excel2db.write.WriteMain - fileList:[test.xls]
2015-09-07 17:22:02 [main] 26::: INFO  org.excel2db.write.WriteMain - process:test.xls
2015-09-07 17:22:02 [main] 38::: INFO  org.excel2db.write.ExcelManager - start read excel....
2015-09-07 17:22:03 [main] 59::: INFO  org.excel2db.write.ExcelManager - end read excel....
2015-09-07 17:22:03 [main] 40::: INFO  org.excel2db.write.DBManager - start write db file....
2015-09-07 17:22:03 [main] 72::: INFO  org.excel2db.write.DBManager - end write db file....
2015-09-07 17:22:03 [main] 30::: INFO  org.excel2db.write.GeneratorManager - start generator bean file....
2015-09-07 17:22:03 [main] 42::: INFO  org.excel2db.write.GeneratorManager - end generator bean file....
2015-09-07 17:22:35 [main] 21::: INFO  org.excel2db.write.WriteMain - path:D:\ndbtest\
2015-09-07 17:22:35 [main] 23::: INFO  org.excel2db.write.WriteMain - fileList:[test.xls]
2015-09-07 17:22:35 [main] 26::: INFO  org.excel2db.write.WriteMain - process:test.xls
2015-09-07 17:22:35 [main] 38::: INFO  org.excel2db.write.ExcelManager - start read excel....
2015-09-07 17:22:35 [main] 59::: INFO  org.excel2db.write.ExcelManager - end read excel....
2015-09-07 17:22:35 [main] 40::: INFO  org.excel2db.write.DBManager - start write db file....
2015-09-07 17:22:35 [main] 72::: INFO  org.excel2db.write.DBManager - end write db file....
2015-09-07 17:22:35 [main] 30::: INFO  org.excel2db.write.GeneratorManager - start generator bean file....
2015-09-07 17:22:35 [main] 42::: INFO  org.excel2db.write.GeneratorManager - end generator bean file....
