2016-02-04 15:30:16 [AWT-EventQueue-0] 136::: INFO  org.excel2db.read.DBFile - headerInfo:[recordSize=604,fieldSize=4,namebuflength=36,typebuflength=4,databuflength=17352]
2016-02-04 15:30:16 [AWT-EventQueue-0] 116::: INFO  org.excel2db.read.DBFile - [name1, name2, name3, name4]
2016-02-04 15:30:16 [AWT-EventQueue-0] 100::: INFO  org.excel2db.read.DBFile - [INT, LONG, FLOAT, STRING]
2016-02-04 15:30:16 [AWT-EventQueue-0] 68::: ERROR org.excel2db.browse.BrowseFrame$1 - 
java.lang.ClassCastException: [Ljava.lang.Object; cannot be cast to [Ljava.lang.String;
	at org.excel2db.browse.BrowseFrame.browseNDB(BrowseFrame.java:79)
	at org.excel2db.browse.BrowseFrame.access$0(BrowseFrame.java:74)
	at org.excel2db.browse.BrowseFrame$1.drop(BrowseFrame.java:62)
	at java.awt.dnd.DropTarget.drop(DropTarget.java:434)
	at sun.awt.dnd.SunDropTargetContextPeer.processDropMessage(SunDropTargetContextPeer.java:519)
	at sun.awt.dnd.SunDropTargetContextPeer$EventDispatcher.dispatchDropEvent(SunDropTargetContextPeer.java:832)
	at sun.awt.dnd.SunDropTargetContextPeer$EventDispatcher.dispatchEvent(SunDropTargetContextPeer.java:756)
	at sun.awt.dnd.SunDropTargetEvent.dispatch(SunDropTargetEvent.java:30)
	at java.awt.Component.dispatchEventImpl(Component.java:4517)
	at java.awt.Container.dispatchEventImpl(Container.java:2097)
	at java.awt.Component.dispatchEvent(Component.java:4488)
	at java.awt.LightweightDispatcher.retargetMouseEvent(Container.java:4575)
	at java.awt.LightweightDispatcher.processDropTargetEvent(Container.java:4310)
	at java.awt.LightweightDispatcher.dispatchEvent(Container.java:4161)
	at java.awt.Container.dispatchEventImpl(Container.java:2083)
	at java.awt.Window.dispatchEventImpl(Window.java:2489)
	at java.awt.Component.dispatchEvent(Component.java:4488)
	at java.awt.EventQueue.dispatchEventImpl(EventQueue.java:668)
	at java.awt.EventQueue.access$400(EventQueue.java:81)
	at java.awt.EventQueue$2.run(EventQueue.java:627)
	at java.awt.EventQueue$2.run(EventQueue.java:625)
	at java.security.AccessController.doPrivileged(Native Method)
	at java.security.AccessControlContext$1.doIntersectionPrivilege(AccessControlContext.java:87)
	at java.security.AccessControlContext$1.doIntersectionPrivilege(AccessControlContext.java:98)
	at java.awt.EventQueue$3.run(EventQueue.java:641)
	at java.awt.EventQueue$3.run(EventQueue.java:639)
	at java.security.AccessController.doPrivileged(Native Method)
	at java.security.AccessControlContext$1.doIntersectionPrivilege(AccessControlContext.java:87)
	at java.awt.EventQueue.dispatchEvent(EventQueue.java:638)
	at java.awt.EventDispatchThread.pumpOneEventForFilters(EventDispatchThread.java:269)
	at java.awt.EventDispatchThread.pumpEventsForFilter(EventDispatchThread.java:184)
	at java.awt.EventDispatchThread.pumpEventsForHierarchy(EventDispatchThread.java:174)
	at java.awt.EventDispatchThread.pumpEvents(EventDispatchThread.java:169)
	at java.awt.EventDispatchThread.pumpEvents(EventDispatchThread.java:161)
	at java.awt.EventDispatchThread.run(EventDispatchThread.java:122)
2016-02-04 15:30:46 [AWT-EventQueue-0] 136::: INFO  org.excel2db.read.DBFile - headerInfo:[recordSize=604,fieldSize=4,namebuflength=36,typebuflength=4,databuflength=17352]
2016-02-04 15:30:46 [AWT-EventQueue-0] 116::: INFO  org.excel2db.read.DBFile - [name1, name2, name3, name4]
2016-02-04 15:30:46 [AWT-EventQueue-0] 100::: INFO  org.excel2db.read.DBFile - [INT, LONG, FLOAT, STRING]
2016-02-04 15:31:42 [AWT-EventQueue-0] 136::: INFO  org.excel2db.read.DBFile - headerInfo:[recordSize=604,fieldSize=4,namebuflength=36,typebuflength=4,databuflength=17352]
2016-02-04 15:31:42 [AWT-EventQueue-0] 116::: INFO  org.excel2db.read.DBFile - [name1, name2, name3, name4]
2016-02-04 15:31:42 [AWT-EventQueue-0] 100::: INFO  org.excel2db.read.DBFile - [INT, LONG, FLOAT, STRING]
2016-02-04 15:32:13 [AWT-EventQueue-0] 136::: INFO  org.excel2db.read.DBFile - headerInfo:[recordSize=604,fieldSize=4,namebuflength=36,typebuflength=4,databuflength=17352]
2016-02-04 15:32:13 [AWT-EventQueue-0] 116::: INFO  org.excel2db.read.DBFile - [name1, name2, name3, name4]
2016-02-04 15:32:13 [AWT-EventQueue-0] 100::: INFO  org.excel2db.read.DBFile - [INT, LONG, FLOAT, STRING]
2016-02-04 15:32:23 [AWT-EventQueue-0] 136::: INFO  org.excel2db.read.DBFile - headerInfo:[recordSize=604,fieldSize=4,namebuflength=36,typebuflength=4,databuflength=17352]
2016-02-04 15:32:23 [AWT-EventQueue-0] 116::: INFO  org.excel2db.read.DBFile - [name1, name2, name3, name4]
2016-02-04 15:32:23 [AWT-EventQueue-0] 100::: INFO  org.excel2db.read.DBFile - [INT, LONG, FLOAT, STRING]
2016-02-04 15:32:31 [AWT-EventQueue-0] 136::: INFO  org.excel2db.read.DBFile - headerInfo:[recordSize=604,fieldSize=4,namebuflength=36,typebuflength=4,databuflength=17352]
2016-02-04 15:32:31 [AWT-EventQueue-0] 116::: INFO  org.excel2db.read.DBFile - [name1, name2, name3, name4]
2016-02-04 15:32:31 [AWT-EventQueue-0] 100::: INFO  org.excel2db.read.DBFile - [INT, LONG, FLOAT, STRING]
2016-02-04 15:39:41 [AWT-EventQueue-0] 136::: INFO  org.excel2db.read.DBFile - headerInfo:[recordSize=604,fieldSize=4,namebuflength=36,typebuflength=4,databuflength=17352]
2016-02-04 15:39:41 [AWT-EventQueue-0] 116::: INFO  org.excel2db.read.DBFile - [name1, name2, name3, name4]
2016-02-04 15:39:41 [AWT-EventQueue-0] 100::: INFO  org.excel2db.read.DBFile - [INT, LONG, FLOAT, STRING]
2016-02-04 15:41:12 [AWT-EventQueue-0] 136::: INFO  org.excel2db.read.DBFile - headerInfo:[recordSize=604,fieldSize=4,namebuflength=36,typebuflength=4,databuflength=17352]
2016-02-04 15:41:12 [AWT-EventQueue-0] 116::: INFO  org.excel2db.read.DBFile - [name1, name2, name3, name4]
2016-02-04 15:41:12 [AWT-EventQueue-0] 100::: INFO  org.excel2db.read.DBFile - [INT, LONG, FLOAT, STRING]
2016-02-04 15:42:35 [AWT-EventQueue-0] 136::: INFO  org.excel2db.read.DBFile - headerInfo:[recordSize=604,fieldSize=4,namebuflength=36,typebuflength=4,databuflength=17352]
2016-02-04 15:42:35 [AWT-EventQueue-0] 116::: INFO  org.excel2db.read.DBFile - [name1, name2, name3, name4]
2016-02-04 15:42:35 [AWT-EventQueue-0] 100::: INFO  org.excel2db.read.DBFile - [INT, LONG, FLOAT, STRING]
2016-02-04 15:42:50 [AWT-EventQueue-0] 136::: INFO  org.excel2db.read.DBFile - headerInfo:[recordSize=604,fieldSize=4,namebuflength=36,typebuflength=4,databuflength=17352]
2016-02-04 15:42:50 [AWT-EventQueue-0] 116::: INFO  org.excel2db.read.DBFile - [name1, name2, name3, name4]
2016-02-04 15:42:50 [AWT-EventQueue-0] 100::: INFO  org.excel2db.read.DBFile - [INT, LONG, FLOAT, STRING]
2016-02-04 15:43:58 [AWT-EventQueue-0] 136::: INFO  org.excel2db.read.DBFile - headerInfo:[recordSize=604,fieldSize=4,namebuflength=36,typebuflength=4,databuflength=17352]
2016-02-04 15:43:58 [AWT-EventQueue-0] 116::: INFO  org.excel2db.read.DBFile - [name1, name2, name3, name4]
2016-02-04 15:43:58 [AWT-EventQueue-0] 100::: INFO  org.excel2db.read.DBFile - [INT, LONG, FLOAT, STRING]
2016-02-04 15:44:04 [AWT-EventQueue-0] 136::: INFO  org.excel2db.read.DBFile - headerInfo:[recordSize=604,fieldSize=4,namebuflength=36,typebuflength=4,databuflength=17356]
2016-02-04 15:44:04 [AWT-EventQueue-0] 116::: INFO  org.excel2db.read.DBFile - [name1, name2, name3, name4]
2016-02-04 15:44:04 [AWT-EventQueue-0] 100::: INFO  org.excel2db.read.DBFile - [INT, LONG, FLOAT, STRING]
2016-02-04 15:44:13 [AWT-EventQueue-0] 136::: INFO  org.excel2db.read.DBFile - headerInfo:[recordSize=604,fieldSize=4,namebuflength=36,typebuflength=4,databuflength=17356]
2016-02-04 15:44:13 [AWT-EventQueue-0] 116::: INFO  org.excel2db.read.DBFile - [name1, name2, name3, name4]
2016-02-04 15:44:13 [AWT-EventQueue-0] 100::: INFO  org.excel2db.read.DBFile - [INT, LONG, FLOAT, STRING]
2016-02-04 15:47:09 [AWT-EventQueue-0] 136::: INFO  org.excel2db.read.DBFile - headerInfo:[recordSize=604,fieldSize=4,namebuflength=36,typebuflength=4,databuflength=17356]
2016-02-04 15:47:09 [AWT-EventQueue-0] 116::: INFO  org.excel2db.read.DBFile - [name1, name2, name3, name4]
2016-02-04 15:47:09 [AWT-EventQueue-0] 100::: INFO  org.excel2db.read.DBFile - [INT, LONG, FLOAT, STRING]
2016-02-04 15:47:10 [AWT-EventQueue-0] 136::: INFO  org.excel2db.read.DBFile - headerInfo:[recordSize=604,fieldSize=4,namebuflength=36,typebuflength=4,databuflength=17356]
2016-02-04 15:47:10 [AWT-EventQueue-0] 116::: INFO  org.excel2db.read.DBFile - [name1, name2, name3, name4]
2016-02-04 15:47:10 [AWT-EventQueue-0] 100::: INFO  org.excel2db.read.DBFile - [INT, LONG, FLOAT, STRING]
2016-02-04 15:47:35 [AWT-EventQueue-0] 136::: INFO  org.excel2db.read.DBFile - headerInfo:[recordSize=604,fieldSize=4,namebuflength=36,typebuflength=4,databuflength=17356]
2016-02-04 15:47:35 [AWT-EventQueue-0] 116::: INFO  org.excel2db.read.DBFile - [name1, name2, name3, name4]
2016-02-04 15:47:35 [AWT-EventQueue-0] 100::: INFO  org.excel2db.read.DBFile - [INT, LONG, FLOAT, STRING]
2016-02-04 15:47:36 [AWT-EventQueue-0] 136::: INFO  org.excel2db.read.DBFile - headerInfo:[recordSize=604,fieldSize=4,namebuflength=36,typebuflength=4,databuflength=17356]
2016-02-04 15:47:36 [AWT-EventQueue-0] 116::: INFO  org.excel2db.read.DBFile - [name1, name2, name3, name4]
2016-02-04 15:47:36 [AWT-EventQueue-0] 100::: INFO  org.excel2db.read.DBFile - [INT, LONG, FLOAT, STRING]
2016-02-04 15:50:00 [AWT-EventQueue-0] 135::: INFO  org.excel2db.read.DBFile - headerInfo:[recordSize=604,fieldSize=4,namebuflength=36,typebuflength=4,databuflength=17356]
2016-02-04 15:50:00 [AWT-EventQueue-0] 115::: INFO  org.excel2db.read.DBFile - [name1, name2, name3, name4]
2016-02-04 15:50:00 [AWT-EventQueue-0] 99::: INFO  org.excel2db.read.DBFile - [INT, LONG, FLOAT, STRING]
2016-02-04 15:50:03 [AWT-EventQueue-0] 135::: INFO  org.excel2db.read.DBFile - headerInfo:[recordSize=604,fieldSize=4,namebuflength=36,typebuflength=4,databuflength=17352]
2016-02-04 15:50:03 [AWT-EventQueue-0] 115::: INFO  org.excel2db.read.DBFile - [name1, name2, name3, name4]
2016-02-04 15:50:03 [AWT-EventQueue-0] 99::: INFO  org.excel2db.read.DBFile - [INT, LONG, FLOAT, STRING]
2016-02-04 15:50:05 [AWT-EventQueue-0] 135::: INFO  org.excel2db.read.DBFile - headerInfo:[recordSize=604,fieldSize=4,namebuflength=36,typebuflength=4,databuflength=17352]
2016-02-04 15:50:05 [AWT-EventQueue-0] 115::: INFO  org.excel2db.read.DBFile - [name1, name2, name3, name4]
2016-02-04 15:50:05 [AWT-EventQueue-0] 99::: INFO  org.excel2db.read.DBFile - [INT, LONG, FLOAT, STRING]
2016-02-04 15:50:09 [AWT-EventQueue-0] 135::: INFO  org.excel2db.read.DBFile - headerInfo:[recordSize=604,fieldSize=4,namebuflength=36,typebuflength=4,databuflength=17352]
2016-02-04 15:50:09 [AWT-EventQueue-0] 115::: INFO  org.excel2db.read.DBFile - [name1, name2, name3, name4]
2016-02-04 15:50:09 [AWT-EventQueue-0] 99::: INFO  org.excel2db.read.DBFile - [INT, LONG, FLOAT, STRING]
2016-02-04 15:52:01 [AWT-EventQueue-0] 135::: INFO  org.excel2db.read.DBFile - headerInfo:[recordSize=604,fieldSize=4,namebuflength=36,typebuflength=4,databuflength=17356]
2016-02-04 15:52:01 [AWT-EventQueue-0] 115::: INFO  org.excel2db.read.DBFile - [name1, name2, name3, name4]
2016-02-04 15:52:01 [AWT-EventQueue-0] 99::: INFO  org.excel2db.read.DBFile - [INT, LONG, FLOAT, STRING]
2016-02-04 15:52:02 [AWT-EventQueue-0] 135::: INFO  org.excel2db.read.DBFile - headerInfo:[recordSize=604,fieldSize=4,namebuflength=36,typebuflength=4,databuflength=17352]
2016-02-04 15:52:02 [AWT-EventQueue-0] 115::: INFO  org.excel2db.read.DBFile - [name1, name2, name3, name4]
2016-02-04 15:52:02 [AWT-EventQueue-0] 99::: INFO  org.excel2db.read.DBFile - [INT, LONG, FLOAT, STRING]
2016-02-04 15:53:05 [AWT-EventQueue-0] 135::: INFO  org.excel2db.read.DBFile - headerInfo:[recordSize=604,fieldSize=4,namebuflength=36,typebuflength=4,databuflength=19740]
2016-02-04 15:53:05 [AWT-EventQueue-0] 115::: INFO  org.excel2db.read.DBFile - [name1, name2, name3, name4]
2016-02-04 15:53:05 [AWT-EventQueue-0] 99::: INFO  org.excel2db.read.DBFile - [INT, LONG, FLOAT, STRING]
2016-02-04 15:53:09 [AWT-EventQueue-0] 135::: INFO  org.excel2db.read.DBFile - headerInfo:[recordSize=604,fieldSize=4,namebuflength=36,typebuflength=4,databuflength=17352]
2016-02-04 15:53:09 [AWT-EventQueue-0] 115::: INFO  org.excel2db.read.DBFile - [name1, name2, name3, name4]
2016-02-04 15:53:09 [AWT-EventQueue-0] 99::: INFO  org.excel2db.read.DBFile - [INT, LONG, FLOAT, STRING]
