2016-02-04 16:17:50 [AWT-EventQueue-0] 135::: INFO  org.excel2db.read.DBFile - headerInfo:[recordSize=604,fieldSize=4,namebuflength=36,typebuflength=4,databuflength=19740]
2016-02-04 16:17:50 [AWT-EventQueue-0] 115::: INFO  org.excel2db.read.DBFile - [name1, name2, name3, name4]
2016-02-04 16:17:50 [AWT-EventQueue-0] 99::: INFO  org.excel2db.read.DBFile - [INT, LONG, FLOAT, STRING]
2016-02-04 16:17:50 [AWT-EventQueue-0] 63::: ERROR org.excel2db.browse.BrowseFrame$1 - 
java.lang.NullPointerException
	at org.excel2db.browse.BrowseFrame.browseNDB(BrowseFrame.java:91)
	at org.excel2db.browse.BrowseFrame.access$0(BrowseFrame.java:75)
	at org.excel2db.browse.BrowseFrame$1.drop(BrowseFrame.java:57)
	at java.awt.dnd.DropTarget.drop(DropTarget.java:434)
	at sun.awt.dnd.SunDropTargetContextPeer.processDropMessage(SunDropTargetContextPeer.java:519)
	at sun.awt.dnd.SunDropTargetContextPeer$EventDispatcher.dispatchDropEvent(SunDropTargetContextPeer.java:832)
	at sun.awt.dnd.SunDropTargetContextPeer$EventDispatcher.dispatchEvent(SunDropTargetContextPeer.java:756)
	at sun.awt.dnd.SunDropTargetEvent.dispatch(SunDropTargetEvent.java:30)
	at java.awt.Component.dispatchEventImpl(Component.java:4517)
	at java.awt.Container.dispatchEventImpl(Container.java:2097)
	at java.awt.Window.dispatchEventImpl(Window.java:2489)
	at java.awt.Component.dispatchEvent(Component.java:4488)
	at java.awt.EventQueue.dispatchEventImpl(EventQueue.java:668)
	at java.awt.EventQueue.access$400(EventQueue.java:81)
	at java.awt.EventQueue$2.run(EventQueue.java:627)
	at java.awt.EventQueue$2.run(EventQueue.java:625)
	at java.security.AccessController.doPrivileged(Native Method)
	at java.security.AccessControlContext$1.doIntersectionPrivilege(AccessControlContext.java:87)
	at java.security.AccessControlContext$1.doIntersectionPrivilege(AccessControlContext.java:98)
	at java.awt.EventQueue$3.run(EventQueue.java:641)
	at java.awt.EventQueue$3.run(EventQueue.java:639)
	at java.security.AccessController.doPrivileged(Native Method)
	at java.security.AccessControlContext$1.doIntersectionPrivilege(AccessControlContext.java:87)
	at java.awt.EventQueue.dispatchEvent(EventQueue.java:638)
	at java.awt.EventDispatchThread.pumpOneEventForFilters(EventDispatchThread.java:269)
	at java.awt.EventDispatchThread.pumpEventsForFilter(EventDispatchThread.java:184)
	at java.awt.EventDispatchThread.pumpEventsForHierarchy(EventDispatchThread.java:174)
	at java.awt.EventDispatchThread.pumpEvents(EventDispatchThread.java:169)
	at java.awt.EventDispatchThread.pumpEvents(EventDispatchThread.java:161)
	at java.awt.EventDispatchThread.run(EventDispatchThread.java:122)
2016-02-04 16:17:52 [AWT-EventQueue-0] 135::: INFO  org.excel2db.read.DBFile - headerInfo:[recordSize=604,fieldSize=4,namebuflength=36,typebuflength=4,databuflength=17352]
2016-02-04 16:17:52 [AWT-EventQueue-0] 115::: INFO  org.excel2db.read.DBFile - [name1, name2, name3, name4]
2016-02-04 16:17:52 [AWT-EventQueue-0] 99::: INFO  org.excel2db.read.DBFile - [INT, LONG, FLOAT, STRING]
2016-02-04 16:17:52 [AWT-EventQueue-0] 63::: ERROR org.excel2db.browse.BrowseFrame$1 - 
java.lang.NullPointerException
	at org.excel2db.browse.BrowseFrame.browseNDB(BrowseFrame.java:91)
	at org.excel2db.browse.BrowseFrame.access$0(BrowseFrame.java:75)
	at org.excel2db.browse.BrowseFrame$1.drop(BrowseFrame.java:57)
	at java.awt.dnd.DropTarget.drop(DropTarget.java:434)
	at sun.awt.dnd.SunDropTargetContextPeer.processDropMessage(SunDropTargetContextPeer.java:519)
	at sun.awt.dnd.SunDropTargetContextPeer$EventDispatcher.dispatchDropEvent(SunDropTargetContextPeer.java:832)
	at sun.awt.dnd.SunDropTargetContextPeer$EventDispatcher.dispatchEvent(SunDropTargetContextPeer.java:756)
	at sun.awt.dnd.SunDropTargetEvent.dispatch(SunDropTargetEvent.java:30)
	at java.awt.Component.dispatchEventImpl(Component.java:4517)
	at java.awt.Container.dispatchEventImpl(Container.java:2097)
	at java.awt.Window.dispatchEventImpl(Window.java:2489)
	at java.awt.Component.dispatchEvent(Component.java:4488)
	at java.awt.EventQueue.dispatchEventImpl(EventQueue.java:668)
	at java.awt.EventQueue.access$400(EventQueue.java:81)
	at java.awt.EventQueue$2.run(EventQueue.java:627)
	at java.awt.EventQueue$2.run(EventQueue.java:625)
	at java.security.AccessController.doPrivileged(Native Method)
	at java.security.AccessControlContext$1.doIntersectionPrivilege(AccessControlContext.java:87)
	at java.security.AccessControlContext$1.doIntersectionPrivilege(AccessControlContext.java:98)
	at java.awt.EventQueue$3.run(EventQueue.java:641)
	at java.awt.EventQueue$3.run(EventQueue.java:639)
	at java.security.AccessController.doPrivileged(Native Method)
	at java.security.AccessControlContext$1.doIntersectionPrivilege(AccessControlContext.java:87)
	at java.awt.EventQueue.dispatchEvent(EventQueue.java:638)
	at java.awt.EventDispatchThread.pumpOneEventForFilters(EventDispatchThread.java:269)
	at java.awt.EventDispatchThread.pumpEventsForFilter(EventDispatchThread.java:184)
	at java.awt.EventDispatchThread.pumpEventsForHierarchy(EventDispatchThread.java:174)
	at java.awt.EventDispatchThread.pumpEvents(EventDispatchThread.java:169)
	at java.awt.EventDispatchThread.pumpEvents(EventDispatchThread.java:161)
	at java.awt.EventDispatchThread.run(EventDispatchThread.java:122)
2016-02-04 16:18:15 [AWT-EventQueue-0] 135::: INFO  org.excel2db.read.DBFile - headerInfo:[recordSize=604,fieldSize=4,namebuflength=36,typebuflength=4,databuflength=17352]
2016-02-04 16:18:15 [AWT-EventQueue-0] 115::: INFO  org.excel2db.read.DBFile - [name1, name2, name3, name4]
2016-02-04 16:18:15 [AWT-EventQueue-0] 99::: INFO  org.excel2db.read.DBFile - [INT, LONG, FLOAT, STRING]
2016-02-04 16:18:15 [AWT-EventQueue-0] 63::: ERROR org.excel2db.browse.BrowseFrame$1 - 
java.lang.NullPointerException
	at org.excel2db.browse.BrowseFrame.browseNDB(BrowseFrame.java:91)
	at org.excel2db.browse.BrowseFrame.access$0(BrowseFrame.java:75)
	at org.excel2db.browse.BrowseFrame$1.drop(BrowseFrame.java:57)
	at java.awt.dnd.DropTarget.drop(DropTarget.java:434)
	at sun.awt.dnd.SunDropTargetContextPeer.processDropMessage(SunDropTargetContextPeer.java:519)
	at sun.awt.dnd.SunDropTargetContextPeer$EventDispatcher.dispatchDropEvent(SunDropTargetContextPeer.java:832)
	at sun.awt.dnd.SunDropTargetContextPeer$EventDispatcher.dispatchEvent(SunDropTargetContextPeer.java:756)
	at sun.awt.dnd.SunDropTargetEvent.dispatch(SunDropTargetEvent.java:30)
	at java.awt.Component.dispatchEventImpl(Component.java:4517)
	at java.awt.Container.dispatchEventImpl(Container.java:2097)
	at java.awt.Window.dispatchEventImpl(Window.java:2489)
	at java.awt.Component.dispatchEvent(Component.java:4488)
	at java.awt.EventQueue.dispatchEventImpl(EventQueue.java:668)
	at java.awt.EventQueue.access$400(EventQueue.java:81)
	at java.awt.EventQueue$2.run(EventQueue.java:627)
	at java.awt.EventQueue$2.run(EventQueue.java:625)
	at java.security.AccessController.doPrivileged(Native Method)
	at java.security.AccessControlContext$1.doIntersectionPrivilege(AccessControlContext.java:87)
	at java.security.AccessControlContext$1.doIntersectionPrivilege(AccessControlContext.java:98)
	at java.awt.EventQueue$3.run(EventQueue.java:641)
	at java.awt.EventQueue$3.run(EventQueue.java:639)
	at java.security.AccessController.doPrivileged(Native Method)
	at java.security.AccessControlContext$1.doIntersectionPrivilege(AccessControlContext.java:87)
	at java.awt.EventQueue.dispatchEvent(EventQueue.java:638)
	at java.awt.EventDispatchThread.pumpOneEventForFilters(EventDispatchThread.java:269)
	at java.awt.EventDispatchThread.pumpEventsForFilter(EventDispatchThread.java:184)
	at java.awt.EventDispatchThread.pumpEventsForHierarchy(EventDispatchThread.java:174)
	at java.awt.EventDispatchThread.pumpEvents(EventDispatchThread.java:169)
	at java.awt.EventDispatchThread.pumpEvents(EventDispatchThread.java:161)
	at java.awt.EventDispatchThread.run(EventDispatchThread.java:122)
2016-02-04 16:18:16 [AWT-EventQueue-0] 135::: INFO  org.excel2db.read.DBFile - headerInfo:[recordSize=604,fieldSize=4,namebuflength=36,typebuflength=4,databuflength=17352]
2016-02-04 16:18:16 [AWT-EventQueue-0] 115::: INFO  org.excel2db.read.DBFile - [name1, name2, name3, name4]
2016-02-04 16:18:16 [AWT-EventQueue-0] 99::: INFO  org.excel2db.read.DBFile - [INT, LONG, FLOAT, STRING]
2016-02-04 16:18:16 [AWT-EventQueue-0] 63::: ERROR org.excel2db.browse.BrowseFrame$1 - 
java.lang.NullPointerException
	at org.excel2db.browse.BrowseFrame.browseNDB(BrowseFrame.java:91)
	at org.excel2db.browse.BrowseFrame.access$0(BrowseFrame.java:75)
	at org.excel2db.browse.BrowseFrame$1.drop(BrowseFrame.java:57)
	at java.awt.dnd.DropTarget.drop(DropTarget.java:434)
	at sun.awt.dnd.SunDropTargetContextPeer.processDropMessage(SunDropTargetContextPeer.java:519)
	at sun.awt.dnd.SunDropTargetContextPeer$EventDispatcher.dispatchDropEvent(SunDropTargetContextPeer.java:832)
	at sun.awt.dnd.SunDropTargetContextPeer$EventDispatcher.dispatchEvent(SunDropTargetContextPeer.java:756)
	at sun.awt.dnd.SunDropTargetEvent.dispatch(SunDropTargetEvent.java:30)
	at java.awt.Component.dispatchEventImpl(Component.java:4517)
	at java.awt.Container.dispatchEventImpl(Container.java:2097)
	at java.awt.Window.dispatchEventImpl(Window.java:2489)
	at java.awt.Component.dispatchEvent(Component.java:4488)
	at java.awt.EventQueue.dispatchEventImpl(EventQueue.java:668)
	at java.awt.EventQueue.access$400(EventQueue.java:81)
	at java.awt.EventQueue$2.run(EventQueue.java:627)
	at java.awt.EventQueue$2.run(EventQueue.java:625)
	at java.security.AccessController.doPrivileged(Native Method)
	at java.security.AccessControlContext$1.doIntersectionPrivilege(AccessControlContext.java:87)
	at java.security.AccessControlContext$1.doIntersectionPrivilege(AccessControlContext.java:98)
	at java.awt.EventQueue$3.run(EventQueue.java:641)
	at java.awt.EventQueue$3.run(EventQueue.java:639)
	at java.security.AccessController.doPrivileged(Native Method)
	at java.security.AccessControlContext$1.doIntersectionPrivilege(AccessControlContext.java:87)
	at java.awt.EventQueue.dispatchEvent(EventQueue.java:638)
	at java.awt.EventDispatchThread.pumpOneEventForFilters(EventDispatchThread.java:269)
	at java.awt.EventDispatchThread.pumpEventsForFilter(EventDispatchThread.java:184)
	at java.awt.EventDispatchThread.pumpEventsForHierarchy(EventDispatchThread.java:174)
	at java.awt.EventDispatchThread.pumpEvents(EventDispatchThread.java:169)
	at java.awt.EventDispatchThread.pumpEvents(EventDispatchThread.java:161)
	at java.awt.EventDispatchThread.run(EventDispatchThread.java:122)
2016-02-04 16:18:40 [AWT-EventQueue-0] 135::: INFO  org.excel2db.read.DBFile - headerInfo:[recordSize=604,fieldSize=4,namebuflength=36,typebuflength=4,databuflength=17352]
2016-02-04 16:18:40 [AWT-EventQueue-0] 115::: INFO  org.excel2db.read.DBFile - [name1, name2, name3, name4]
2016-02-04 16:18:40 [AWT-EventQueue-0] 99::: INFO  org.excel2db.read.DBFile - [INT, LONG, FLOAT, STRING]
2016-02-04 16:18:44 [AWT-EventQueue-0] 135::: INFO  org.excel2db.read.DBFile - headerInfo:[recordSize=604,fieldSize=4,namebuflength=36,typebuflength=4,databuflength=19740]
2016-02-04 16:18:44 [AWT-EventQueue-0] 115::: INFO  org.excel2db.read.DBFile - [name1, name2, name3, name4]
2016-02-04 16:18:44 [AWT-EventQueue-0] 99::: INFO  org.excel2db.read.DBFile - [INT, LONG, FLOAT, STRING]
2016-02-04 16:20:08 [AWT-EventQueue-0] 135::: INFO  org.excel2db.read.DBFile - headerInfo:[recordSize=604,fieldSize=4,namebuflength=36,typebuflength=4,databuflength=19740]
2016-02-04 16:20:08 [AWT-EventQueue-0] 115::: INFO  org.excel2db.read.DBFile - [name1, name2, name3, name4]
2016-02-04 16:20:08 [AWT-EventQueue-0] 99::: INFO  org.excel2db.read.DBFile - [INT, LONG, FLOAT, STRING]
2016-02-04 16:20:11 [AWT-EventQueue-0] 135::: INFO  org.excel2db.read.DBFile - headerInfo:[recordSize=604,fieldSize=4,namebuflength=36,typebuflength=4,databuflength=17352]
2016-02-04 16:20:11 [AWT-EventQueue-0] 115::: INFO  org.excel2db.read.DBFile - [name1, name2, name3, name4]
2016-02-04 16:20:11 [AWT-EventQueue-0] 99::: INFO  org.excel2db.read.DBFile - [INT, LONG, FLOAT, STRING]
2016-02-04 16:20:13 [AWT-EventQueue-0] 135::: INFO  org.excel2db.read.DBFile - headerInfo:[recordSize=604,fieldSize=4,namebuflength=36,typebuflength=4,databuflength=17352]
2016-02-04 16:20:14 [AWT-EventQueue-0] 115::: INFO  org.excel2db.read.DBFile - [name1, name2, name3, name4]
2016-02-04 16:20:14 [AWT-EventQueue-0] 99::: INFO  org.excel2db.read.DBFile - [INT, LONG, FLOAT, STRING]
2016-02-04 16:21:37 [AWT-EventQueue-0] 135::: INFO  org.excel2db.read.DBFile - headerInfo:[recordSize=604,fieldSize=4,namebuflength=36,typebuflength=4,databuflength=19740]
2016-02-04 16:21:37 [AWT-EventQueue-0] 115::: INFO  org.excel2db.read.DBFile - [name1, name2, name3, name4]
2016-02-04 16:21:37 [AWT-EventQueue-0] 99::: INFO  org.excel2db.read.DBFile - [INT, LONG, FLOAT, STRING]
2016-02-04 16:21:40 [AWT-EventQueue-0] 135::: INFO  org.excel2db.read.DBFile - headerInfo:[recordSize=604,fieldSize=4,namebuflength=36,typebuflength=4,databuflength=17352]
2016-02-04 16:21:40 [AWT-EventQueue-0] 115::: INFO  org.excel2db.read.DBFile - [name1, name2, name3, name4]
2016-02-04 16:21:40 [AWT-EventQueue-0] 99::: INFO  org.excel2db.read.DBFile - [INT, LONG, FLOAT, STRING]
2016-02-04 16:22:30 [AWT-EventQueue-0] 135::: INFO  org.excel2db.read.DBFile - headerInfo:[recordSize=604,fieldSize=4,namebuflength=36,typebuflength=4,databuflength=17352]
2016-02-04 16:22:30 [AWT-EventQueue-0] 115::: INFO  org.excel2db.read.DBFile - [name1, name2, name3, name4]
2016-02-04 16:22:30 [AWT-EventQueue-0] 99::: INFO  org.excel2db.read.DBFile - [INT, LONG, FLOAT, STRING]
2016-02-04 16:22:33 [AWT-EventQueue-0] 135::: INFO  org.excel2db.read.DBFile - headerInfo:[recordSize=604,fieldSize=4,namebuflength=36,typebuflength=4,databuflength=19740]
2016-02-04 16:22:33 [AWT-EventQueue-0] 115::: INFO  org.excel2db.read.DBFile - [name1, name2, name3, name4]
2016-02-04 16:22:33 [AWT-EventQueue-0] 99::: INFO  org.excel2db.read.DBFile - [INT, LONG, FLOAT, STRING]
2016-02-04 16:22:37 [AWT-EventQueue-0] 135::: INFO  org.excel2db.read.DBFile - headerInfo:[recordSize=604,fieldSize=4,namebuflength=36,typebuflength=4,databuflength=19740]
2016-02-04 16:22:37 [AWT-EventQueue-0] 115::: INFO  org.excel2db.read.DBFile - [name1, name2, name3, name4]
2016-02-04 16:22:37 [AWT-EventQueue-0] 99::: INFO  org.excel2db.read.DBFile - [INT, LONG, FLOAT, STRING]
2016-02-04 16:22:41 [AWT-EventQueue-0] 135::: INFO  org.excel2db.read.DBFile - headerInfo:[recordSize=604,fieldSize=4,namebuflength=36,typebuflength=4,databuflength=17352]
2016-02-04 16:22:41 [AWT-EventQueue-0] 115::: INFO  org.excel2db.read.DBFile - [name1, name2, name3, name4]
2016-02-04 16:22:41 [AWT-EventQueue-0] 99::: INFO  org.excel2db.read.DBFile - [INT, LONG, FLOAT, STRING]
2016-02-04 16:22:52 [AWT-EventQueue-0] 135::: INFO  org.excel2db.read.DBFile - headerInfo:[recordSize=604,fieldSize=4,namebuflength=36,typebuflength=4,databuflength=19740]
2016-02-04 16:22:52 [AWT-EventQueue-0] 115::: INFO  org.excel2db.read.DBFile - [name1, name2, name3, name4]
2016-02-04 16:22:52 [AWT-EventQueue-0] 99::: INFO  org.excel2db.read.DBFile - [INT, LONG, FLOAT, STRING]
2016-02-04 16:23:08 [AWT-EventQueue-0] 135::: INFO  org.excel2db.read.DBFile - headerInfo:[recordSize=604,fieldSize=4,namebuflength=36,typebuflength=4,databuflength=17352]
2016-02-04 16:23:08 [AWT-EventQueue-0] 115::: INFO  org.excel2db.read.DBFile - [name1, name2, name3, name4]
2016-02-04 16:23:08 [AWT-EventQueue-0] 99::: INFO  org.excel2db.read.DBFile - [INT, LONG, FLOAT, STRING]
2016-02-04 16:23:10 [AWT-EventQueue-0] 135::: INFO  org.excel2db.read.DBFile - headerInfo:[recordSize=604,fieldSize=4,namebuflength=36,typebuflength=4,databuflength=19740]
2016-02-04 16:23:10 [AWT-EventQueue-0] 115::: INFO  org.excel2db.read.DBFile - [name1, name2, name3, name4]
2016-02-04 16:23:10 [AWT-EventQueue-0] 99::: INFO  org.excel2db.read.DBFile - [INT, LONG, FLOAT, STRING]
2016-02-04 16:25:11 [AWT-EventQueue-0] 135::: INFO  org.excel2db.read.DBFile - headerInfo:[recordSize=604,fieldSize=4,namebuflength=36,typebuflength=4,databuflength=19740]
2016-02-04 16:25:11 [AWT-EventQueue-0] 115::: INFO  org.excel2db.read.DBFile - [name1, name2, name3, name4]
2016-02-04 16:25:11 [AWT-EventQueue-0] 99::: INFO  org.excel2db.read.DBFile - [INT, LONG, FLOAT, STRING]
2016-02-04 16:25:13 [AWT-EventQueue-0] 135::: INFO  org.excel2db.read.DBFile - headerInfo:[recordSize=604,fieldSize=4,namebuflength=36,typebuflength=4,databuflength=17352]
2016-02-04 16:25:13 [AWT-EventQueue-0] 115::: INFO  org.excel2db.read.DBFile - [name1, name2, name3, name4]
2016-02-04 16:25:13 [AWT-EventQueue-0] 99::: INFO  org.excel2db.read.DBFile - [INT, LONG, FLOAT, STRING]
2016-02-04 16:25:35 [AWT-EventQueue-0] 135::: INFO  org.excel2db.read.DBFile - headerInfo:[recordSize=604,fieldSize=4,namebuflength=36,typebuflength=4,databuflength=19740]
2016-02-04 16:25:35 [AWT-EventQueue-0] 115::: INFO  org.excel2db.read.DBFile - [name1, name2, name3, name4]
2016-02-04 16:25:35 [AWT-EventQueue-0] 99::: INFO  org.excel2db.read.DBFile - [INT, LONG, FLOAT, STRING]
2016-02-04 16:25:36 [AWT-EventQueue-0] 135::: INFO  org.excel2db.read.DBFile - headerInfo:[recordSize=604,fieldSize=4,namebuflength=36,typebuflength=4,databuflength=17352]
2016-02-04 16:25:36 [AWT-EventQueue-0] 115::: INFO  org.excel2db.read.DBFile - [name1, name2, name3, name4]
2016-02-04 16:25:36 [AWT-EventQueue-0] 99::: INFO  org.excel2db.read.DBFile - [INT, LONG, FLOAT, STRING]
2016-02-04 16:25:43 [AWT-EventQueue-0] 135::: INFO  org.excel2db.read.DBFile - headerInfo:[recordSize=604,fieldSize=4,namebuflength=36,typebuflength=4,databuflength=17352]
2016-02-04 16:25:43 [AWT-EventQueue-0] 115::: INFO  org.excel2db.read.DBFile - [name1, name2, name3, name4]
2016-02-04 16:25:43 [AWT-EventQueue-0] 99::: INFO  org.excel2db.read.DBFile - [INT, LONG, FLOAT, STRING]
2016-02-04 16:26:31 [AWT-EventQueue-0] 135::: INFO  org.excel2db.read.DBFile - headerInfo:[recordSize=604,fieldSize=4,namebuflength=36,typebuflength=4,databuflength=17352]
2016-02-04 16:26:31 [AWT-EventQueue-0] 115::: INFO  org.excel2db.read.DBFile - [name1, name2, name3, name4]
2016-02-04 16:26:31 [AWT-EventQueue-0] 99::: INFO  org.excel2db.read.DBFile - [INT, LONG, FLOAT, STRING]
2016-02-04 16:26:32 [AWT-EventQueue-0] 135::: INFO  org.excel2db.read.DBFile - headerInfo:[recordSize=604,fieldSize=4,namebuflength=36,typebuflength=4,databuflength=19740]
2016-02-04 16:26:32 [AWT-EventQueue-0] 115::: INFO  org.excel2db.read.DBFile - [name1, name2, name3, name4]
2016-02-04 16:26:32 [AWT-EventQueue-0] 99::: INFO  org.excel2db.read.DBFile - [INT, LONG, FLOAT, STRING]
2016-02-04 16:27:09 [AWT-EventQueue-0] 135::: INFO  org.excel2db.read.DBFile - headerInfo:[recordSize=604,fieldSize=4,namebuflength=36,typebuflength=4,databuflength=19740]
2016-02-04 16:27:09 [AWT-EventQueue-0] 115::: INFO  org.excel2db.read.DBFile - [name1, name2, name3, name4]
2016-02-04 16:27:09 [AWT-EventQueue-0] 99::: INFO  org.excel2db.read.DBFile - [INT, LONG, FLOAT, STRING]
2016-02-04 16:27:11 [AWT-EventQueue-0] 135::: INFO  org.excel2db.read.DBFile - headerInfo:[recordSize=604,fieldSize=4,namebuflength=36,typebuflength=4,databuflength=17352]
2016-02-04 16:27:11 [AWT-EventQueue-0] 115::: INFO  org.excel2db.read.DBFile - [name1, name2, name3, name4]
2016-02-04 16:27:11 [AWT-EventQueue-0] 99::: INFO  org.excel2db.read.DBFile - [INT, LONG, FLOAT, STRING]
2016-02-04 16:42:03 [AWT-EventQueue-0] 135::: INFO  org.excel2db.read.DBFile - headerInfo:[recordSize=604,fieldSize=4,namebuflength=36,typebuflength=4,databuflength=17352]
2016-02-04 16:42:03 [AWT-EventQueue-0] 115::: INFO  org.excel2db.read.DBFile - [name1, name2, name3, name4]
2016-02-04 16:42:03 [AWT-EventQueue-0] 99::: INFO  org.excel2db.read.DBFile - [INT, LONG, FLOAT, STRING]
2016-02-04 16:42:10 [AWT-EventQueue-0] 135::: INFO  org.excel2db.read.DBFile - headerInfo:[recordSize=604,fieldSize=4,namebuflength=36,typebuflength=4,databuflength=19740]
2016-02-04 16:42:10 [AWT-EventQueue-0] 115::: INFO  org.excel2db.read.DBFile - [name1, name2, name3, name4]
2016-02-04 16:42:10 [AWT-EventQueue-0] 99::: INFO  org.excel2db.read.DBFile - [INT, LONG, FLOAT, STRING]
